生成启动时间为 2018/1/12 21:49:17。
     1>项目“F:\Project\HHe\HHe\HHe.vcxproj”在节点 2 上(Build 个目标)。
     1>ClCompile:
         F:\VS2012\VC\bin\CL.exe /c /Zi /nologo /W3 /WX- /O2 /Oi /Oy- /GL /D _MBCS /Gm- /EHsc /MD /GS /Gy /fp:precise /Zc:wchar_t /Zc:forScope /Fo"Release\\" /Fd"Release\vc110.pdb" /Gd /TP /analyze- /errorReport:prompt "源110.cpp"
         源110.cpp
     1>源110.cpp(15): warning C4018: “<=”: 有符号/无符号不匹配
     1>源110.cpp(18): warning C4018: “<=”: 有符号/无符号不匹配
     1>源110.cpp(37): warning C4996: 'scanf': This function or variable may be unsafe. Consider using scanf_s instead. To disable deprecation, use _CRT_SECURE_NO_WARNINGS. See online help for details.
                 F:\VS2012\VC\include\stdio.h(290) : 参见“scanf”的声明
     1>源110.cpp(38): warning C4996: 'scanf': This function or variable may be unsafe. Consider using scanf_s instead. To disable deprecation, use _CRT_SECURE_NO_WARNINGS. See online help for details.
                 F:\VS2012\VC\include\stdio.h(290) : 参见“scanf”的声明
     1>源110.cpp(41): warning C4996: 'scanf': This function or variable may be unsafe. Consider using scanf_s instead. To disable deprecation, use _CRT_SECURE_NO_WARNINGS. See online help for details.
                 F:\VS2012\VC\include\stdio.h(290) : 参见“scanf”的声明
       Link:
         F:\VS2012\VC\bin\link.exe /ERRORREPORT:PROMPT /OUT:"F:\Project\HHe\Release\HHe.exe" /NOLOGO kernel32.lib user32.lib gdi32.lib winspool.lib comdlg32.lib advapi32.lib shell32.lib ole32.lib oleaut32.lib uuid.lib odbc32.lib odbccp32.lib /MANIFEST /MANIFESTUAC:"level='asInvoker' uiAccess='false'" /manifest:embed /DEBUG /PDB:"F:\Project\HHe\Release\HHe.pdb" /OPT:REF /OPT:ICF /LTCG /TLBID:1 /DYNAMICBASE /NXCOMPAT /IMPLIB:"F:\Project\HHe\Release\HHe.lib" /MACHINE:X86 /SAFESEH "Release\源.obj"
         "Release\源1.obj"
         "Release\源10.obj"
         "Release\源100.obj"
         "Release\源101.obj"
         "Release\源102.obj"
         "Release\源103.obj"
         "Release\源104.obj"
         "Release\源105.obj"
         "Release\源106.obj"
         "Release\源107.obj"
         "Release\源108.obj"
         "Release\源109.obj"
         "Release\源11.obj"
         "Release\源110.obj"
         "Release\源12.obj"
         "Release\源13.obj"
         "Release\源14.obj"
         "Release\源15.obj"
         "Release\源16.obj"
         "Release\源17.obj"
         "Release\源18.obj"
         "Release\源19.obj"
         "Release\源2.obj"
         "Release\源20.obj"
         "Release\源21.obj"
         "Release\源22.obj"
         "Release\源23.obj"
         "Release\源24.obj"
         "Release\源25.obj"
         "Release\源26.obj"
         "Release\源27.obj"
         "Release\源28.obj"
         "Release\源29.obj"
         "Release\源3.obj"
         "Release\源30.obj"
         "Release\源31.obj"
         "Release\源32.obj"
         "Release\源33.obj"
         "Release\源34.obj"
         "Release\源35.obj"
         "Release\源36.obj"
         "Release\源37.obj"
         "Release\源38.obj"
         "Release\源39.obj"
         "Release\源4.obj"
         "Release\源40.obj"
         "Release\源41.obj"
         "Release\源42.obj"
         "Release\源43.obj"
         "Release\源44.obj"
         "Release\源45.obj"
         "Release\源46.obj"
         "Release\源47.obj"
         "Release\源48.obj"
         "Release\源49.obj"
         "Release\源5.obj"
         "Release\源50.obj"
         "Release\源51.obj"
         "Release\源52.obj"
         "Release\源53.obj"
         "Release\源54.obj"
         "Release\源55.obj"
         "Release\源56.obj"
         "Release\源57.obj"
         "Release\源58.obj"
         "Release\源59.obj"
         "Release\源6.obj"
         "Release\源60.obj"
         "Release\源61.obj"
         "Release\源62.obj"
         "Release\源63.obj"
         "Release\源64.obj"
         "Release\源65.obj"
         "Release\源66.obj"
         "Release\源67.obj"
         "Release\源68.obj"
         "Release\源69.obj"
         "Release\源7.obj"
         "Release\源70.obj"
         "Release\源71.obj"
         "Release\源72.obj"
         "Release\源73.obj"
         "Release\源74.obj"
         "Release\源75.obj"
         "Release\源76.obj"
         "Release\源77.obj"
         "Release\源78.obj"
         "Release\源79.obj"
         "Release\源8.obj"
         "Release\源80.obj"
         "Release\源81.obj"
         "Release\源82.obj"
         "Release\源83.obj"
         "Release\源84.obj"
         "Release\源85.obj"
         "Release\源86.obj"
         "Release\源87.obj"
         "Release\源88.obj"
         "Release\源89.obj"
         "Release\源9.obj"
         "Release\源90.obj"
         "Release\源91.obj"
         "Release\源92.obj"
         "Release\源93.obj"
         "Release\源94.obj"
         "Release\源95.obj"
         "Release\源96.obj"
         "Release\源97.obj"
         "Release\源98.obj"
         "Release\源99.obj"
         正在生成代码
     1>f:\project\hhe\hhe\源110.cpp(31): warning C4715: “ss”: 不是所有的控件路径都返回值
     1>f:\project\hhe\hhe\源110.cpp(36): warning C4700: 使用了未初始化的局部变量“n”
         已完成代码的生成
         HHe.vcxproj -> F:\Project\HHe\Release\HHe.exe
     1>已完成生成项目“F:\Project\HHe\HHe\HHe.vcxproj”(Build 个目标)的操作。

生成成功。

已用时间 00:00:01.79
