F:\PROJECT\HHE\HHE\DEBUG\源74.OBJ
F:\PROJECT\HHE\HHE\DEBUG\源75.OBJ
F:\PROJECT\HHE\HHE\DEBUG\源76.OBJ
F:\PROJECT\HHE\HHE\DEBUG\源77.OBJ
F:\PROJECT\HHE\HHE\DEBUG\源78.OBJ
F:\PROJECT\HHE\HHE\DEBUG\源79.OBJ
F:\PROJECT\HHE\HHE\DEBUG\源8.OBJ
F:\PROJECT\HHE\HHE\DEBUG\源80.OBJ
F:\PROJECT\HHE\HHE\DEBUG\源81.OBJ
F:\PROJECT\HHE\HHE\DEBUG\源82.OBJ
F:\PROJECT\HHE\HHE\DEBUG\源83.OBJ
F:\PROJECT\HHE\HHE\DEBUG\源84.OBJ
F:\PROJECT\HHE\HHE\DEBUG\源85.OBJ
F:\PROJECT\HHE\HHE\DEBUG\源86.OBJ
F:\PROJECT\HHE\HHE\DEBUG\源87.OBJ
F:\PROJECT\HHE\HHE\DEBUG\源88.OBJ
F:\PROJECT\HHE\HHE\DEBUG\源89.OBJ
F:\PROJECT\HHE\HHE\DEBUG\源9.OBJ
F:\PROJECT\HHE\HHE\DEBUG\源90.OBJ
F:\PROJECT\HHE\HHE\DEBUG\源91.OBJ
F:\PROJECT\HHE\HHE\DEBUG\源56.OBJ
F:\PROJECT\HHE\HHE\DEBUG\源57.OBJ
F:\PROJECT\HHE\HHE\DEBUG\源58.OBJ
F:\PROJECT\HHE\HHE\DEBUG\源59.OBJ
F:\PROJECT\HHE\HHE\DEBUG\源6.OBJ
F:\PROJECT\HHE\HHE\DEBUG\源60.OBJ
F:\PROJECT\HHE\HHE\DEBUG\源61.OBJ
F:\PROJECT\HHE\HHE\DEBUG\源62.OBJ
F:\PROJECT\HHE\HHE\DEBUG\源63.OBJ
F:\PROJECT\HHE\HHE\DEBUG\源64.OBJ
F:\PROJECT\HHE\HHE\DEBUG\源65.OBJ
F:\PROJECT\HHE\HHE\DEBUG\源66.OBJ
F:\PROJECT\HHE\HHE\DEBUG\源67.OBJ
F:\PROJECT\HHE\HHE\DEBUG\源68.OBJ
F:\PROJECT\HHE\HHE\DEBUG\源69.OBJ
F:\PROJECT\HHE\HHE\DEBUG\源7.OBJ
F:\PROJECT\HHE\HHE\DEBUG\源70.OBJ
F:\PROJECT\HHE\HHE\DEBUG\源71.OBJ
F:\PROJECT\HHE\HHE\DEBUG\源72.OBJ
F:\PROJECT\HHE\HHE\DEBUG\源73.OBJ
F:\PROJECT\HHE\HHE\DEBUG\源38.OBJ
F:\PROJECT\HHE\HHE\DEBUG\源39.OBJ
F:\PROJECT\HHE\HHE\DEBUG\源4.OBJ
F:\PROJECT\HHE\HHE\DEBUG\源40.OBJ
F:\PROJECT\HHE\HHE\DEBUG\源41.OBJ
F:\PROJECT\HHE\HHE\DEBUG\源42.OBJ
F:\PROJECT\HHE\HHE\DEBUG\源43.OBJ
F:\PROJECT\HHE\HHE\DEBUG\源44.OBJ
F:\PROJECT\HHE\HHE\DEBUG\源45.OBJ
F:\PROJECT\HHE\HHE\DEBUG\源46.OBJ
F:\PROJECT\HHE\HHE\DEBUG\源47.OBJ
F:\PROJECT\HHE\HHE\DEBUG\源48.OBJ
F:\PROJECT\HHE\HHE\DEBUG\源49.OBJ
F:\PROJECT\HHE\HHE\DEBUG\源5.OBJ
F:\PROJECT\HHE\HHE\DEBUG\源50.OBJ
F:\PROJECT\HHE\HHE\DEBUG\源51.OBJ
F:\PROJECT\HHE\HHE\DEBUG\源52.OBJ
F:\PROJECT\HHE\HHE\DEBUG\源53.OBJ
F:\PROJECT\HHE\HHE\DEBUG\源54.OBJ
F:\PROJECT\HHE\HHE\DEBUG\源55.OBJ
F:\PROJECT\HHE\HHE\DEBUG\源2.OBJ
F:\PROJECT\HHE\HHE\DEBUG\源20.OBJ
F:\PROJECT\HHE\HHE\DEBUG\源21.OBJ
F:\PROJECT\HHE\HHE\DEBUG\源22.OBJ
F:\PROJECT\HHE\HHE\DEBUG\源23.OBJ
F:\PROJECT\HHE\HHE\DEBUG\源24.OBJ
F:\PROJECT\HHE\HHE\DEBUG\源25.OBJ
F:\PROJECT\HHE\HHE\DEBUG\源26.OBJ
F:\PROJECT\HHE\HHE\DEBUG\源27.OBJ
F:\PROJECT\HHE\HHE\DEBUG\源28.OBJ
F:\PROJECT\HHE\HHE\DEBUG\源29.OBJ
F:\PROJECT\HHE\HHE\DEBUG\源3.OBJ
F:\PROJECT\HHE\HHE\DEBUG\源30.OBJ
F:\PROJECT\HHE\HHE\DEBUG\源31.OBJ
F:\PROJECT\HHE\HHE\DEBUG\源32.OBJ
F:\PROJECT\HHE\HHE\DEBUG\源33.OBJ
F:\PROJECT\HHE\HHE\DEBUG\源34.OBJ
F:\PROJECT\HHE\HHE\DEBUG\源35.OBJ
F:\PROJECT\HHE\HHE\DEBUG\源36.OBJ
F:\PROJECT\HHE\HHE\DEBUG\源37.OBJ
F:\PROJECT\HHE\HHE\DEBUG\主席树.OBJ
F:\PROJECT\HHE\HHE\DEBUG\源.OBJ
F:\PROJECT\HHE\HHE\DEBUG\源1.OBJ
F:\PROJECT\HHE\HHE\DEBUG\源10.OBJ
F:\PROJECT\HHE\HHE\DEBUG\源11.OBJ
F:\PROJECT\HHE\HHE\DEBUG\源12.OBJ
F:\PROJECT\HHE\HHE\DEBUG\源13.OBJ
F:\PROJECT\HHE\HHE\DEBUG\源14.OBJ
F:\PROJECT\HHE\HHE\DEBUG\源15.OBJ
F:\PROJECT\HHE\HHE\DEBUG\源16.OBJ
F:\PROJECT\HHE\HHE\DEBUG\源17.OBJ
F:\PROJECT\HHE\HHE\DEBUG\源18.OBJ
F:\PROJECT\HHE\HHE\DEBUG\源19.OBJ
F:\PROJECT\HHE\HHE\DEBUG\VC110.PDB
F:\PROJECT\HHE\HHE\DEBUG\源92.OBJ
F:\PROJECT\HHE\HHE\DEBUG\源93.OBJ
F:\PROJECT\HHE\HHE\DEBUG\源94.OBJ
F:\PROJECT\HHE\HHE\DEBUG\源95.OBJ
F:\PROJECT\HHE\HHE\DEBUG\源96.OBJ
F:\PROJECT\HHE\HHE\DEBUG\源97.OBJ
F:\PROJECT\HHE\HHE\DEBUG\源98.OBJ
F:\PROJECT\HHE\HHE\DEBUG\源99.OBJ
F:\PROJECT\HHE\HHE\DEBUG\源100.OBJ
F:\PROJECT\HHE\DEBUG\HHE.ILK
F:\PROJECT\HHE\DEBUG\HHE.EXE
F:\PROJECT\HHE\DEBUG\HHE.PDB
F:\Project\HHe\HHe\Debug\主席树.obj
F:\Project\HHe\HHe\Debug\源.obj
F:\Project\HHe\HHe\Debug\源1.obj
F:\Project\HHe\HHe\Debug\源10.obj
F:\Project\HHe\HHe\Debug\源100.obj
F:\Project\HHe\HHe\Debug\源11.obj
F:\Project\HHe\HHe\Debug\源12.obj
F:\Project\HHe\HHe\Debug\源13.obj
F:\Project\HHe\HHe\Debug\源14.obj
F:\Project\HHe\HHe\Debug\源15.obj
F:\Project\HHe\HHe\Debug\源16.obj
F:\Project\HHe\HHe\Debug\源17.obj
F:\Project\HHe\HHe\Debug\源18.obj
F:\Project\HHe\HHe\Debug\源19.obj
F:\Project\HHe\HHe\Debug\源2.obj
F:\Project\HHe\HHe\Debug\源20.obj
F:\Project\HHe\HHe\Debug\源21.obj
F:\Project\HHe\HHe\Debug\源22.obj
F:\Project\HHe\HHe\Debug\源23.obj
F:\Project\HHe\HHe\Debug\源24.obj
F:\Project\HHe\HHe\Debug\源25.obj
F:\Project\HHe\HHe\Debug\源26.obj
F:\Project\HHe\HHe\Debug\源27.obj
F:\Project\HHe\HHe\Debug\源28.obj
F:\Project\HHe\HHe\Debug\源29.obj
F:\Project\HHe\HHe\Debug\源3.obj
F:\Project\HHe\HHe\Debug\源30.obj
F:\Project\HHe\HHe\Debug\源31.obj
F:\Project\HHe\HHe\Debug\源32.obj
F:\Project\HHe\HHe\Debug\源33.obj
F:\Project\HHe\HHe\Debug\源34.obj
F:\Project\HHe\HHe\Debug\源35.obj
F:\Project\HHe\HHe\Debug\源36.obj
F:\Project\HHe\HHe\Debug\源37.obj
F:\Project\HHe\HHe\Debug\源38.obj
F:\Project\HHe\HHe\Debug\源39.obj
F:\Project\HHe\HHe\Debug\源4.obj
F:\Project\HHe\HHe\Debug\源40.obj
F:\Project\HHe\HHe\Debug\源41.obj
F:\Project\HHe\HHe\Debug\源42.obj
F:\Project\HHe\HHe\Debug\源43.obj
F:\Project\HHe\HHe\Debug\源44.obj
F:\Project\HHe\HHe\Debug\源45.obj
F:\Project\HHe\HHe\Debug\源46.obj
F:\Project\HHe\HHe\Debug\源47.obj
F:\Project\HHe\HHe\Debug\源48.obj
F:\Project\HHe\HHe\Debug\源49.obj
F:\Project\HHe\HHe\Debug\源5.obj
F:\Project\HHe\HHe\Debug\源50.obj
F:\Project\HHe\HHe\Debug\源51.obj
F:\Project\HHe\HHe\Debug\源52.obj
F:\Project\HHe\HHe\Debug\源53.obj
F:\Project\HHe\HHe\Debug\源54.obj
F:\Project\HHe\HHe\Debug\源55.obj
F:\Project\HHe\HHe\Debug\源56.obj
F:\Project\HHe\HHe\Debug\源57.obj
F:\Project\HHe\HHe\Debug\源58.obj
F:\Project\HHe\HHe\Debug\源59.obj
F:\Project\HHe\HHe\Debug\源6.obj
F:\Project\HHe\HHe\Debug\源60.obj
F:\Project\HHe\HHe\Debug\源61.obj
F:\Project\HHe\HHe\Debug\源62.obj
F:\Project\HHe\HHe\Debug\源63.obj
F:\Project\HHe\HHe\Debug\源64.obj
F:\Project\HHe\HHe\Debug\源65.obj
F:\Project\HHe\HHe\Debug\源66.obj
F:\Project\HHe\HHe\Debug\源67.obj
F:\Project\HHe\HHe\Debug\源68.obj
F:\Project\HHe\HHe\Debug\源69.obj
F:\Project\HHe\HHe\Debug\源7.obj
F:\Project\HHe\HHe\Debug\源70.obj
F:\Project\HHe\HHe\Debug\源71.obj
F:\Project\HHe\HHe\Debug\源72.obj
F:\Project\HHe\HHe\Debug\源73.obj
F:\Project\HHe\HHe\Debug\源74.obj
F:\Project\HHe\HHe\Debug\源75.obj
F:\Project\HHe\HHe\Debug\源76.obj
F:\Project\HHe\HHe\Debug\源77.obj
F:\Project\HHe\HHe\Debug\源78.obj
F:\Project\HHe\HHe\Debug\源79.obj
F:\Project\HHe\HHe\Debug\源8.obj
F:\Project\HHe\HHe\Debug\源80.obj
F:\Project\HHe\HHe\Debug\源81.obj
F:\Project\HHe\HHe\Debug\源82.obj
F:\Project\HHe\HHe\Debug\源83.obj
F:\Project\HHe\HHe\Debug\源84.obj
F:\Project\HHe\HHe\Debug\源85.obj
F:\Project\HHe\HHe\Debug\源86.obj
F:\Project\HHe\HHe\Debug\源87.obj
F:\Project\HHe\HHe\Debug\源88.obj
F:\Project\HHe\HHe\Debug\源89.obj
F:\Project\HHe\HHe\Debug\源9.obj
F:\Project\HHe\HHe\Debug\源90.obj
F:\Project\HHe\HHe\Debug\源91.obj
F:\Project\HHe\HHe\Debug\源92.obj
F:\Project\HHe\HHe\Debug\源93.obj
F:\Project\HHe\HHe\Debug\源94.obj
F:\Project\HHe\HHe\Debug\源95.obj
F:\Project\HHe\HHe\Debug\源96.obj
F:\Project\HHe\HHe\Debug\源97.obj
F:\Project\HHe\HHe\Debug\源98.obj
F:\Project\HHe\HHe\Debug\源99.obj
F:\Project\HHe\HHe\Debug\cl.command.1.tlog
F:\Project\HHe\HHe\Debug\CL.read.1.tlog
F:\Project\HHe\HHe\Debug\CL.write.1.tlog
F:\Project\HHe\HHe\Debug\link-cvtres.read.1.tlog
F:\Project\HHe\HHe\Debug\link-cvtres.write.1.tlog
F:\Project\HHe\HHe\Debug\link-rc.read.1.tlog
F:\Project\HHe\HHe\Debug\link-rc.write.1.tlog
F:\Project\HHe\HHe\Debug\link.14008-cvtres.read.1.tlog
F:\Project\HHe\HHe\Debug\link.14008-cvtres.write.1.tlog
F:\Project\HHe\HHe\Debug\link.14008-rc.read.1.tlog
F:\Project\HHe\HHe\Debug\link.14008-rc.write.1.tlog
F:\Project\HHe\HHe\Debug\link.14008.read.1.tlog
F:\Project\HHe\HHe\Debug\link.14008.write.1.tlog
F:\Project\HHe\HHe\Debug\link.14584-cvtres.read.1.tlog
F:\Project\HHe\HHe\Debug\link.14584-cvtres.write.1.tlog
F:\Project\HHe\HHe\Debug\link.14584-rc.read.1.tlog
F:\Project\HHe\HHe\Debug\link.14584-rc.write.1.tlog
F:\Project\HHe\HHe\Debug\link.14584.read.1.tlog
F:\Project\HHe\HHe\Debug\link.14584.write.1.tlog
F:\Project\HHe\HHe\Debug\link.15908-cvtres.read.1.tlog
F:\Project\HHe\HHe\Debug\link.15908-cvtres.write.1.tlog
F:\Project\HHe\HHe\Debug\link.15908-rc.read.1.tlog
F:\Project\HHe\HHe\Debug\link.15908-rc.write.1.tlog
F:\Project\HHe\HHe\Debug\link.15908.read.1.tlog
F:\Project\HHe\HHe\Debug\link.15908.write.1.tlog
F:\Project\HHe\HHe\Debug\link.16264-cvtres.read.1.tlog
F:\Project\HHe\HHe\Debug\link.16264-cvtres.write.1.tlog
F:\Project\HHe\HHe\Debug\link.16264-rc.read.1.tlog
F:\Project\HHe\HHe\Debug\link.16264-rc.write.1.tlog
F:\Project\HHe\HHe\Debug\link.16264.read.1.tlog
F:\Project\HHe\HHe\Debug\link.16264.write.1.tlog
F:\Project\HHe\HHe\Debug\link.16436-cvtres.read.1.tlog
F:\Project\HHe\HHe\Debug\link.16436-cvtres.write.1.tlog
F:\Project\HHe\HHe\Debug\link.16436-rc.read.1.tlog
F:\Project\HHe\HHe\Debug\link.16436-rc.write.1.tlog
F:\Project\HHe\HHe\Debug\link.16436.read.1.tlog
F:\Project\HHe\HHe\Debug\link.16436.write.1.tlog
F:\Project\HHe\HHe\Debug\link.17896-cvtres.read.1.tlog
F:\Project\HHe\HHe\Debug\link.17896-cvtres.write.1.tlog
F:\Project\HHe\HHe\Debug\link.17896-rc.read.1.tlog
F:\Project\HHe\HHe\Debug\link.17896-rc.write.1.tlog
F:\Project\HHe\HHe\Debug\link.17896.read.1.tlog
F:\Project\HHe\HHe\Debug\link.17896.write.1.tlog
F:\Project\HHe\HHe\Debug\link.19596-cvtres.read.1.tlog
F:\Project\HHe\HHe\Debug\link.19596-cvtres.write.1.tlog
F:\Project\HHe\HHe\Debug\link.19596-rc.read.1.tlog
F:\Project\HHe\HHe\Debug\link.19596-rc.write.1.tlog
F:\Project\HHe\HHe\Debug\link.19596.read.1.tlog
F:\Project\HHe\HHe\Debug\link.19596.write.1.tlog
F:\Project\HHe\HHe\Debug\link.21656-cvtres.read.1.tlog
F:\Project\HHe\HHe\Debug\link.21656-cvtres.write.1.tlog
F:\Project\HHe\HHe\Debug\link.21656-rc.read.1.tlog
F:\Project\HHe\HHe\Debug\link.21656-rc.write.1.tlog
F:\Project\HHe\HHe\Debug\link.21656.read.1.tlog
F:\Project\HHe\HHe\Debug\link.21656.write.1.tlog
F:\Project\HHe\HHe\Debug\link.21676-cvtres.read.1.tlog
F:\Project\HHe\HHe\Debug\link.21676-cvtres.write.1.tlog
F:\Project\HHe\HHe\Debug\link.21676-rc.read.1.tlog
F:\Project\HHe\HHe\Debug\link.21676-rc.write.1.tlog
F:\Project\HHe\HHe\Debug\link.21676.read.1.tlog
F:\Project\HHe\HHe\Debug\link.21676.write.1.tlog
F:\Project\HHe\HHe\Debug\link.25720-cvtres.read.1.tlog
F:\Project\HHe\HHe\Debug\link.25720-cvtres.write.1.tlog
F:\Project\HHe\HHe\Debug\link.25720-rc.read.1.tlog
F:\Project\HHe\HHe\Debug\link.25720-rc.write.1.tlog
F:\Project\HHe\HHe\Debug\link.25720.read.1.tlog
F:\Project\HHe\HHe\Debug\link.25720.write.1.tlog
F:\Project\HHe\HHe\Debug\link.25900-cvtres.read.1.tlog
F:\Project\HHe\HHe\Debug\link.25900-cvtres.write.1.tlog
F:\Project\HHe\HHe\Debug\link.25900-rc.read.1.tlog
F:\Project\HHe\HHe\Debug\link.25900-rc.write.1.tlog
F:\Project\HHe\HHe\Debug\link.25900.read.1.tlog
F:\Project\HHe\HHe\Debug\link.25900.write.1.tlog
F:\Project\HHe\HHe\Debug\link.25996-cvtres.read.1.tlog
F:\Project\HHe\HHe\Debug\link.25996-cvtres.write.1.tlog
F:\Project\HHe\HHe\Debug\link.25996-rc.read.1.tlog
F:\Project\HHe\HHe\Debug\link.25996-rc.write.1.tlog
F:\Project\HHe\HHe\Debug\link.25996.read.1.tlog
F:\Project\HHe\HHe\Debug\link.25996.write.1.tlog
F:\Project\HHe\HHe\Debug\link.26068-cvtres.read.1.tlog
F:\Project\HHe\HHe\Debug\link.26068-cvtres.write.1.tlog
F:\Project\HHe\HHe\Debug\link.26068-rc.read.1.tlog
F:\Project\HHe\HHe\Debug\link.26068-rc.write.1.tlog
F:\Project\HHe\HHe\Debug\link.26068.read.1.tlog
F:\Project\HHe\HHe\Debug\link.26068.write.1.tlog
F:\Project\HHe\HHe\Debug\link.26076-cvtres.read.1.tlog
F:\Project\HHe\HHe\Debug\link.26076-cvtres.write.1.tlog
F:\Project\HHe\HHe\Debug\link.26076-rc.read.1.tlog
F:\Project\HHe\HHe\Debug\link.26076-rc.write.1.tlog
F:\Project\HHe\HHe\Debug\link.26076.read.1.tlog
F:\Project\HHe\HHe\Debug\link.26076.write.1.tlog
F:\Project\HHe\HHe\Debug\link.26084-cvtres.read.1.tlog
F:\Project\HHe\HHe\Debug\link.26084-cvtres.write.1.tlog
F:\Project\HHe\HHe\Debug\link.26084-rc.read.1.tlog
F:\Project\HHe\HHe\Debug\link.26084-rc.write.1.tlog
F:\Project\HHe\HHe\Debug\link.26084.read.1.tlog
F:\Project\HHe\HHe\Debug\link.26084.write.1.tlog
F:\Project\HHe\HHe\Debug\link.27496-cvtres.read.1.tlog
F:\Project\HHe\HHe\Debug\link.27496-cvtres.write.1.tlog
F:\Project\HHe\HHe\Debug\link.27496-rc.read.1.tlog
F:\Project\HHe\HHe\Debug\link.27496-rc.write.1.tlog
F:\Project\HHe\HHe\Debug\link.27496.read.1.tlog
F:\Project\HHe\HHe\Debug\link.27496.write.1.tlog
F:\Project\HHe\HHe\Debug\link.27500-cvtres.read.1.tlog
F:\Project\HHe\HHe\Debug\link.27500-cvtres.write.1.tlog
F:\Project\HHe\HHe\Debug\link.27500-rc.read.1.tlog
F:\Project\HHe\HHe\Debug\link.27500-rc.write.1.tlog
F:\Project\HHe\HHe\Debug\link.27500.read.1.tlog
F:\Project\HHe\HHe\Debug\link.27500.write.1.tlog
F:\Project\HHe\HHe\Debug\link.29396-cvtres.read.1.tlog
F:\Project\HHe\HHe\Debug\link.29396-cvtres.write.1.tlog
F:\Project\HHe\HHe\Debug\link.29396-rc.read.1.tlog
F:\Project\HHe\HHe\Debug\link.29396-rc.write.1.tlog
F:\Project\HHe\HHe\Debug\link.29396.read.1.tlog
F:\Project\HHe\HHe\Debug\link.29396.write.1.tlog
F:\Project\HHe\HHe\Debug\link.29508-cvtres.read.1.tlog
F:\Project\HHe\HHe\Debug\link.29508-cvtres.write.1.tlog
F:\Project\HHe\HHe\Debug\link.29508-rc.read.1.tlog
F:\Project\HHe\HHe\Debug\link.29508-rc.write.1.tlog
F:\Project\HHe\HHe\Debug\link.29508.read.1.tlog
F:\Project\HHe\HHe\Debug\link.29508.write.1.tlog
F:\Project\HHe\HHe\Debug\link.30100-cvtres.read.1.tlog
F:\Project\HHe\HHe\Debug\link.30100-cvtres.write.1.tlog
F:\Project\HHe\HHe\Debug\link.30100-rc.read.1.tlog
F:\Project\HHe\HHe\Debug\link.30100-rc.write.1.tlog
F:\Project\HHe\HHe\Debug\link.30100.read.1.tlog
F:\Project\HHe\HHe\Debug\link.30100.write.1.tlog
F:\Project\HHe\HHe\Debug\link.31180-cvtres.read.1.tlog
F:\Project\HHe\HHe\Debug\link.31180-cvtres.write.1.tlog
F:\Project\HHe\HHe\Debug\link.31180-rc.read.1.tlog
F:\Project\HHe\HHe\Debug\link.31180-rc.write.1.tlog
F:\Project\HHe\HHe\Debug\link.31180.read.1.tlog
F:\Project\HHe\HHe\Debug\link.31180.write.1.tlog
F:\Project\HHe\HHe\Debug\link.31352-cvtres.read.1.tlog
F:\Project\HHe\HHe\Debug\link.31352-cvtres.write.1.tlog
F:\Project\HHe\HHe\Debug\link.31352-rc.read.1.tlog
F:\Project\HHe\HHe\Debug\link.31352-rc.write.1.tlog
F:\Project\HHe\HHe\Debug\link.31352.read.1.tlog
F:\Project\HHe\HHe\Debug\link.31352.write.1.tlog
F:\Project\HHe\HHe\Debug\link.32136-cvtres.read.1.tlog
F:\Project\HHe\HHe\Debug\link.32136-cvtres.write.1.tlog
F:\Project\HHe\HHe\Debug\link.32136-rc.read.1.tlog
F:\Project\HHe\HHe\Debug\link.32136-rc.write.1.tlog
F:\Project\HHe\HHe\Debug\link.32136.read.1.tlog
F:\Project\HHe\HHe\Debug\link.32136.write.1.tlog
F:\Project\HHe\HHe\Debug\link.32196-cvtres.read.1.tlog
F:\Project\HHe\HHe\Debug\link.32196-cvtres.write.1.tlog
F:\Project\HHe\HHe\Debug\link.32196-rc.read.1.tlog
F:\Project\HHe\HHe\Debug\link.32196-rc.write.1.tlog
F:\Project\HHe\HHe\Debug\link.32196.read.1.tlog
F:\Project\HHe\HHe\Debug\link.32196.write.1.tlog
F:\Project\HHe\HHe\Debug\link.32252-cvtres.read.1.tlog
F:\Project\HHe\HHe\Debug\link.32252-cvtres.write.1.tlog
F:\Project\HHe\HHe\Debug\link.32252-rc.read.1.tlog
F:\Project\HHe\HHe\Debug\link.32252-rc.write.1.tlog
F:\Project\HHe\HHe\Debug\link.32252.read.1.tlog
F:\Project\HHe\HHe\Debug\link.32252.write.1.tlog
F:\Project\HHe\HHe\Debug\link.32596-cvtres.read.1.tlog
F:\Project\HHe\HHe\Debug\link.32596-cvtres.write.1.tlog
F:\Project\HHe\HHe\Debug\link.32596-rc.read.1.tlog
F:\Project\HHe\HHe\Debug\link.32596-rc.write.1.tlog
F:\Project\HHe\HHe\Debug\link.32596.read.1.tlog
F:\Project\HHe\HHe\Debug\link.32596.write.1.tlog
F:\Project\HHe\HHe\Debug\link.33232-cvtres.read.1.tlog
F:\Project\HHe\HHe\Debug\link.33232-cvtres.write.1.tlog
F:\Project\HHe\HHe\Debug\link.33232-rc.read.1.tlog
F:\Project\HHe\HHe\Debug\link.33232-rc.write.1.tlog
F:\Project\HHe\HHe\Debug\link.33232.read.1.tlog
F:\Project\HHe\HHe\Debug\link.33232.write.1.tlog
F:\Project\HHe\HHe\Debug\link.33436-cvtres.read.1.tlog
F:\Project\HHe\HHe\Debug\link.33436-cvtres.write.1.tlog
F:\Project\HHe\HHe\Debug\link.33436-rc.read.1.tlog
F:\Project\HHe\HHe\Debug\link.33436-rc.write.1.tlog
F:\Project\HHe\HHe\Debug\link.33436.read.1.tlog
F:\Project\HHe\HHe\Debug\link.33436.write.1.tlog
F:\Project\HHe\HHe\Debug\link.33916-cvtres.read.1.tlog
F:\Project\HHe\HHe\Debug\link.33916-cvtres.write.1.tlog
F:\Project\HHe\HHe\Debug\link.33916-rc.read.1.tlog
F:\Project\HHe\HHe\Debug\link.33916-rc.write.1.tlog
F:\Project\HHe\HHe\Debug\link.33916.read.1.tlog
F:\Project\HHe\HHe\Debug\link.33916.write.1.tlog
F:\Project\HHe\HHe\Debug\link.33932-cvtres.read.1.tlog
F:\Project\HHe\HHe\Debug\link.33932-cvtres.write.1.tlog
F:\Project\HHe\HHe\Debug\link.33932-rc.read.1.tlog
F:\Project\HHe\HHe\Debug\link.33932-rc.write.1.tlog
F:\Project\HHe\HHe\Debug\link.33932.read.1.tlog
F:\Project\HHe\HHe\Debug\link.33932.write.1.tlog
F:\Project\HHe\HHe\Debug\link.33972-cvtres.read.1.tlog
F:\Project\HHe\HHe\Debug\link.33972-cvtres.write.1.tlog
F:\Project\HHe\HHe\Debug\link.33972-rc.read.1.tlog
F:\Project\HHe\HHe\Debug\link.33972-rc.write.1.tlog
F:\Project\HHe\HHe\Debug\link.33972.read.1.tlog
F:\Project\HHe\HHe\Debug\link.33972.write.1.tlog
F:\Project\HHe\HHe\Debug\link.34296-cvtres.read.1.tlog
F:\Project\HHe\HHe\Debug\link.34296-cvtres.write.1.tlog
F:\Project\HHe\HHe\Debug\link.34296-rc.read.1.tlog
F:\Project\HHe\HHe\Debug\link.34296-rc.write.1.tlog
F:\Project\HHe\HHe\Debug\link.34296.read.1.tlog
F:\Project\HHe\HHe\Debug\link.34296.write.1.tlog
F:\Project\HHe\HHe\Debug\link.34360-cvtres.read.1.tlog
F:\Project\HHe\HHe\Debug\link.34360-cvtres.write.1.tlog
F:\Project\HHe\HHe\Debug\link.34360-rc.read.1.tlog
F:\Project\HHe\HHe\Debug\link.34360-rc.write.1.tlog
F:\Project\HHe\HHe\Debug\link.34360.read.1.tlog
F:\Project\HHe\HHe\Debug\link.34360.write.1.tlog
F:\Project\HHe\HHe\Debug\link.34632-cvtres.read.1.tlog
F:\Project\HHe\HHe\Debug\link.34632-cvtres.write.1.tlog
F:\Project\HHe\HHe\Debug\link.34632-rc.read.1.tlog
F:\Project\HHe\HHe\Debug\link.34632-rc.write.1.tlog
F:\Project\HHe\HHe\Debug\link.34632.read.1.tlog
F:\Project\HHe\HHe\Debug\link.34632.write.1.tlog
F:\Project\HHe\HHe\Debug\link.34968-cvtres.read.1.tlog
F:\Project\HHe\HHe\Debug\link.34968-cvtres.write.1.tlog
F:\Project\HHe\HHe\Debug\link.34968-rc.read.1.tlog
F:\Project\HHe\HHe\Debug\link.34968-rc.write.1.tlog
F:\Project\HHe\HHe\Debug\link.34968.read.1.tlog
F:\Project\HHe\HHe\Debug\link.34968.write.1.tlog
F:\Project\HHe\HHe\Debug\link.35588-cvtres.read.1.tlog
F:\Project\HHe\HHe\Debug\link.35588-cvtres.write.1.tlog
F:\Project\HHe\HHe\Debug\link.35588-rc.read.1.tlog
F:\Project\HHe\HHe\Debug\link.35588-rc.write.1.tlog
F:\Project\HHe\HHe\Debug\link.35588.read.1.tlog
F:\Project\HHe\HHe\Debug\link.35588.write.1.tlog
F:\Project\HHe\HHe\Debug\link.5344-cvtres.read.1.tlog
F:\Project\HHe\HHe\Debug\link.5344-cvtres.write.1.tlog
F:\Project\HHe\HHe\Debug\link.5344-rc.read.1.tlog
F:\Project\HHe\HHe\Debug\link.5344-rc.write.1.tlog
F:\Project\HHe\HHe\Debug\link.5344.read.1.tlog
F:\Project\HHe\HHe\Debug\link.5344.write.1.tlog
F:\Project\HHe\HHe\Debug\link.5500-cvtres.read.1.tlog
F:\Project\HHe\HHe\Debug\link.5500-cvtres.write.1.tlog
F:\Project\HHe\HHe\Debug\link.5500-rc.read.1.tlog
F:\Project\HHe\HHe\Debug\link.5500-rc.write.1.tlog
F:\Project\HHe\HHe\Debug\link.5500.read.1.tlog
F:\Project\HHe\HHe\Debug\link.5500.write.1.tlog
F:\Project\HHe\HHe\Debug\link.8440-cvtres.read.1.tlog
F:\Project\HHe\HHe\Debug\link.8440-cvtres.write.1.tlog
F:\Project\HHe\HHe\Debug\link.8440-rc.read.1.tlog
F:\Project\HHe\HHe\Debug\link.8440-rc.write.1.tlog
F:\Project\HHe\HHe\Debug\link.8440.read.1.tlog
F:\Project\HHe\HHe\Debug\link.8440.write.1.tlog
F:\Project\HHe\HHe\Debug\link.896-cvtres.read.1.tlog
F:\Project\HHe\HHe\Debug\link.896-cvtres.write.1.tlog
F:\Project\HHe\HHe\Debug\link.896-rc.read.1.tlog
F:\Project\HHe\HHe\Debug\link.896-rc.write.1.tlog
F:\Project\HHe\HHe\Debug\link.896.read.1.tlog
F:\Project\HHe\HHe\Debug\link.896.write.1.tlog
F:\Project\HHe\HHe\Debug\link.command.1.tlog
F:\Project\HHe\HHe\Debug\link.read.1.tlog
F:\Project\HHe\HHe\Debug\link.write.1.tlog
F:\Project\HHe\HHe\Debug\vc110.idb
F:\Project\HHe\HHe\Debug\vc110.pdb
F:\Project\HHe\Debug\HHe.pdb
F:\Project\HHe\Debug\HHe.exe
F:\Project\HHe\Debug\HHe.ilk
